2025-05-14 22:22:48,024 - INFO - Camera initialized: 640x480
2025-05-14 22:22:50,028 - INFO - Arduino connected successfully
2025-05-14 22:22:50,031 - INFO - Detection started. Press 'q' to quit.
2025-05-14 22:23:00,651 - INFO - Detected Biodegradable at 22:23:00 - Count: 1
2025-05-14 22:23:07,339 - INFO - Inserted into DB: Biodegradable at 2025-05-14 22:23:00
2025-05-14 22:23:12,896 - INFO - Inserted sensor reading: Sensor 3 = TOXIC at 2025-05-14 22:23:12
2025-05-14 22:23:13,266 - INFO - Detected Biodegradable at 22:23:13 - Count: 2
2025-05-14 22:23:13,716 - INFO - Inserted into DB: Biodegradable at 2025-05-14 22:23:13
2025-05-14 22:23:14,030 - INFO - Inserted sensor reading: Sensor 1 = 100 at 2025-05-14 22:23:12
2025-05-14 22:23:14,697 - INFO - Inserted sensor reading: Sensor 2 = 100 at 2025-05-14 22:23:12
2025-05-14 22:23:20,533 - INFO - Detected Biodegradable at 22:23:20 - Count: 3
2025-05-14 22:23:21,023 - INFO - Inserted into DB: Biodegradable at 2025-05-14 22:23:20
2025-05-14 22:23:29,950 - INFO - Detected Biodegradable at 22:23:29 - Count: 4
2025-05-14 22:23:31,099 - INFO - Inserted into DB: Biodegradable at 2025-05-14 22:23:29
2025-05-14 22:23:36,425 - INFO - Detected Biodegradable at 22:23:36 - Count: 5
2025-05-14 22:23:36,733 - INFO - Inserted into DB: Biodegradable at 2025-05-14 22:23:36
2025-05-14 22:23:41,374 - INFO - Detected Biodegradable at 22:23:41 - Count: 6
2025-05-14 22:23:41,599 - INFO - Inserted into DB: Biodegradable at 2025-05-14 22:23:41
2025-05-14 22:23:46,592 - INFO - Detected Biodegradable at 22:23:46 - Count: 7
2025-05-14 22:23:47,016 - INFO - Inserted into DB: Biodegradable at 2025-05-14 22:23:46
2025-05-14 22:23:52,638 - INFO - Detected Biodegradable at 22:23:52 - Count: 8
2025-05-14 22:23:52,964 - INFO - Inserted into DB: Biodegradable at 2025-05-14 22:23:52
2025-05-14 22:23:57,252 - INFO - Detected Recyclable at 22:23:57 - Count: 1
2025-05-14 22:23:57,930 - INFO - Inserted into DB: Recyclable at 2025-05-14 22:23:57
